<?xml version="1.0" encoding="UTF-8"?>
<!-- Generated by org.testng.reporters.JUnitXMLReporter -->
<testsuite hostname="DESKTOP-I9UE6L0" ignored="0" name="Test" tests="4" failures="0" timestamp="2022-02-07T18:33:22 IST" time="0.154" errors="0">
  <testcase name="jira" time="0.025" classname="MavenProject.SudeepNew.RestApiTest"/>
  <testcase name="otherIssue" time="0.003" classname="MavenProject.SudeepNew.RestApiTest"/>
  <testcase name="executeChrome" time="0.004" classname="MavenProject.SudeepNew.SeleniumTest"/>
  <testcase name="findelements" time="0.012" classname="MavenProject.SudeepNew.SeleniumTest"/>
</testsuite> <!-- Test -->
