<?xml version="1.0" encoding="UTF-8"?>
<testng-results skipped="0" failed="0" ignored="0" total="4" passed="4">
  <reporter-output>
  </reporter-output>
  <suite name="Suite" duration-ms="65" started-at="2022-02-07T18:51:48 IST" finished-at="2022-02-07T18:51:48 IST">
    <groups>
    </groups>
    <test name="Test" duration-ms="65" started-at="2022-02-07T18:51:48 IST" finished-at="2022-02-07T18:51:48 IST">
      <class name="MavenProject.SudeepNew.RestApiTest">
        <test-method status="PASS" signature="jira()[pri:0, instance:MavenProject.SudeepNew.RestApiTest@646d64ab]" name="jira" duration-ms="8" started-at="2022-02-07T18:51:48 IST" finished-at="2022-02-07T18:51:48 IST">
          <reporter-output>
          </reporter-output>
        </test-method> <!-- jira -->
        <test-method status="PASS" signature="otherIssue()[pri:0, instance:MavenProject.SudeepNew.RestApiTest@646d64ab]" name="otherIssue" duration-ms="0" started-at="2022-02-07T18:51:48 IST" finished-at="2022-02-07T18:51:48 IST">
          <reporter-output>
          </reporter-output>
        </test-method> <!-- otherIssue -->
      </class> <!-- MavenProject.SudeepNew.RestApiTest -->
      <class name="MavenProject.SudeepNew.SeleniumTest">
        <test-method status="PASS" signature="executeChrome()[pri:0, instance:MavenProject.SudeepNew.SeleniumTest@305fd85d]" name="executeChrome" duration-ms="0" started-at="2022-02-07T18:51:48 IST" finished-at="2022-02-07T18:51:48 IST">
          <reporter-output>
          </reporter-output>
        </test-method> <!-- executeChrome -->
        <test-method status="PASS" signature="findelements()[pri:0, instance:MavenProject.SudeepNew.SeleniumTest@305fd85d]" name="findelements" duration-ms="2" started-at="2022-02-07T18:51:48 IST" finished-at="2022-02-07T18:51:48 IST">
          <reporter-output>
          </reporter-output>
        </test-method> <!-- findelements -->
      </class> <!-- MavenProject.SudeepNew.SeleniumTest -->
    </test> <!-- Test -->
  </suite> <!-- Suite -->
</testng-results>
