<?xml version="1.0" encoding="UTF-8"?>
<testng-results skipped="0" failed="0" ignored="0" total="4" passed="4">
  <reporter-output>
  </reporter-output>
  <suite name="Suite" duration-ms="154" started-at="2022-02-07T18:33:22 IST" finished-at="2022-02-07T18:33:22 IST">
    <groups>
    </groups>
    <test name="Test" duration-ms="154" started-at="2022-02-07T18:33:22 IST" finished-at="2022-02-07T18:33:22 IST">
      <class name="MavenProject.SudeepNew.RestApiTest">
        <test-method status="PASS" signature="jira()[pri:0, instance:MavenProject.SudeepNew.RestApiTest@757942a1]" name="jira" duration-ms="25" started-at="2022-02-07T18:33:22 IST" finished-at="2022-02-07T18:33:22 IST">
          <reporter-output>
          </reporter-output>
        </test-method> <!-- jira -->
        <test-method status="PASS" signature="otherIssue()[pri:0, instance:MavenProject.SudeepNew.RestApiTest@757942a1]" name="otherIssue" duration-ms="3" started-at="2022-02-07T18:33:22 IST" finished-at="2022-02-07T18:33:22 IST">
          <reporter-output>
          </reporter-output>
        </test-method> <!-- otherIssue -->
      </class> <!-- MavenProject.SudeepNew.RestApiTest -->
      <class name="MavenProject.SudeepNew.SeleniumTest">
        <test-method status="PASS" signature="executeChrome()[pri:0, instance:MavenProject.SudeepNew.SeleniumTest@3ecd23d9]" name="executeChrome" duration-ms="4" started-at="2022-02-07T18:33:22 IST" finished-at="2022-02-07T18:33:22 IST">
          <reporter-output>
          </reporter-output>
        </test-method> <!-- executeChrome -->
        <test-method status="PASS" signature="findelements()[pri:0, instance:MavenProject.SudeepNew.SeleniumTest@3ecd23d9]" name="findelements" duration-ms="12" started-at="2022-02-07T18:33:22 IST" finished-at="2022-02-07T18:33:22 IST">
          <reporter-output>
          </reporter-output>
        </test-method> <!-- findelements -->
      </class> <!-- MavenProject.SudeepNew.SeleniumTest -->
    </test> <!-- Test -->
  </suite> <!-- Suite -->
</testng-results>
